<?xml version="1.0" encoding="UTF-8"?>
<!-- Generated by org.testng.reporters.JUnitReportReporter -->
<testsuite hostname="Htan" name="testCase.StateFarmTest" tests="1" failures="0" timestamp="7 Aug 2015 01:39:20 GMT" time="5.049" errors="0">
  <testcase name="life_Health_LongTermCareQuote" time="5.049" classname="testCase.StateFarmTest"/>
</testsuite> <!-- testCase.StateFarmTest -->
