<?xml version="1.0" encoding="UTF-8"?>
<!-- Generated by org.testng.reporters.JUnitReportReporter -->
<testsuite hostname="Htan" name="seleniumGrid.Grid2" tests="3" failures="0" timestamp="16 Apr 2015 17:25:54 GMT" time="17.703" errors="0">
  <testcase name="Test" time="0.032" classname="seleniumGrid.Grid2"/>
  <testcase name="Test" time="17.631" classname="seleniumGrid.Grid2"/>
  <testcase name="Test" time="0.040" classname="seleniumGrid.Grid2"/>
</testsuite> <!-- seleniumGrid.Grid2 -->
