<?xml version="1.0" encoding="UTF-8"?>
<!-- Generated by org.testng.reporters.JUnitReportReporter -->
<testsuite hostname="Htan" name="org.executionProcedure_.TestngAnnotation" tests="4" failures="0" timestamp="16 May 2015 06:31:58 GMT" time="0.046" errors="0">
  <testcase name="defaultEnabled" time="0.015" classname="org.executionProcedure_.TestngAnnotation"/>
  <testcase name="testCase1" time="0.016" classname="org.executionProcedure_.TestngAnnotation"/>
  <testcase name="testCase2" time="0.008" classname="org.executionProcedure_.TestngAnnotation"/>
  <testcase name="trueEnabled" time="0.007" classname="org.executionProcedure_.TestngAnnotation"/>
</testsuite> <!-- org.executionProcedure_.TestngAnnotation -->
