<?xml version="1.0" encoding="UTF-8"?>
<!-- Generated by org.testng.reporters.JUnitReportReporter -->
<testsuite hostname="Htan" name="dependencyTest2.DependencyTestUsingAnnotation" tests="3" failures="0" timestamp="18 May 2015 00:32:43 GMT" time="0.038" errors="0">
  <testcase name="initEnvironmentTest" time="0.029" classname="dependencyTest2.DependencyTestUsingAnnotation"/>
  <testcase name="testSalutationMessage" time="0.002" classname="dependencyTest2.DependencyTestUsingAnnotation"/>
  <testcase name="testPrintMessage" time="0.007" classname="dependencyTest2.DependencyTestUsingAnnotation"/>
</testsuite> <!-- dependencyTest2.DependencyTestUsingAnnotation -->
