<?xml version="1.0" encoding="UTF-8"?>
<!-- Generated by org.testng.reporters.JUnitReportReporter -->
<testsuite hostname="Htan" name="expectedException.ExpectedExceptionTestAnnotation" tests="2" failures="0" timestamp="18 May 2015 00:45:40 GMT" time="0.047" errors="0">
  <testcase name="testSalutationMessage" time="0.016" classname="expectedException.ExpectedExceptionTestAnnotation"/>
  <testcase name="testPrintMessage" time="0.031" classname="expectedException.ExpectedExceptionTestAnnotation"/>
</testsuite> <!-- expectedException.ExpectedExceptionTestAnnotation -->
