<?xml version="1.0" encoding="UTF-8"?>
<!-- Generated by org.testng.reporters.JUnitReportReporter -->
<testsuite hostname="Htan" name="dependencyMethod.DependentMethodClass" tests="3" failures="0" timestamp="22 May 2015 16:32:49 GMT" time="0.031" errors="0">
  <testcase name="SignIn" time="0.000" classname="dependencyMethod.DependentMethodClass"/>
  <testcase name="OpenBrowser" time="0.031" classname="dependencyMethod.DependentMethodClass"/>
  <testcase name="LogOut" time="0.000" classname="dependencyMethod.DependentMethodClass"/>
</testsuite> <!-- dependencyMethod.DependentMethodClass -->
