<?xml version="1.0" encoding="UTF-8"?>
<!-- Generated by org.testng.reporters.JUnitReportReporter -->
<testsuite hostname="Htan" name="executingTests.SampleTest" tests="1" failures="0" timestamp="18 May 2015 00:37:06 GMT" time="0.031" errors="0">
  <testcase name="testPrintMessage" time="0.031" classname="executingTests.SampleTest"/>
</testsuite> <!-- executingTests.SampleTest -->
