<?xml version="1.0" encoding="UTF-8"?>
<!-- Generated by org.testng.reporters.JUnitReportReporter -->
<testsuite hostname="Htan" name="dependencyTest1.DependencyTestUsingAnnotation" tests="3" failures="0" timestamp="18 May 2015 00:26:14 GMT" time="0.031" errors="0">
  <testcase name="initEnvironmentTest" time="0.031" classname="dependencyTest1.DependencyTestUsingAnnotation"/>
  <testcase name="testSalutationMessage" time="0.000" classname="dependencyTest1.DependencyTestUsingAnnotation"/>
  <testcase name="testPrintMessage" time="0.000" classname="dependencyTest1.DependencyTestUsingAnnotation"/>
</testsuite> <!-- dependencyTest1.DependencyTestUsingAnnotation -->
