<?xml version="1.0" encoding="UTF-8"?>
<!-- Generated by org.testng.reporters.JUnitReportReporter -->
<testsuite hostname="Htan" name="group.GroupDemo" tests="2" failures="0" timestamp="18 May 2015 01:04:14 GMT" time="0.047" errors="0">
  <testcase name="login" time="0.047" classname="group.GroupDemo"/>
  <testcase name="register" time="0.000" classname="group.GroupDemo"/>
</testsuite> <!-- group.GroupDemo -->
