<?xml version="1.0" encoding="UTF-8"?>
<!-- Generated by org.testng.reporters.JUnitReportReporter -->
<testsuite hostname="Htan" name="testng.TestNg_Simple" tests="3" failures="0" timestamp="18 May 2015 01:56:12 GMT" time="0.016" errors="0">
  <testcase name="firstScript" time="0.016" classname="testng.TestNg_Simple"/>
  <testcase name="thirdScript" time="0.000" classname="testng.TestNg_Simple"/>
  <testcase name="secondScript" time="0.000" classname="testng.TestNg_Simple"/>
</testsuite> <!-- testng.TestNg_Simple -->
