<?xml version="1.0" encoding="UTF-8"?>
<!-- Generated by org.testng.reporters.JUnitReportReporter -->
<testsuite hostname="Htan" name="dependencyGroup.DependencyGroup" tests="3" failures="0" timestamp="18 May 2015 00:34:56 GMT" time="0.016" errors="0">
  <testcase name="initEnvironmentTest" time="0.016" classname="dependencyGroup.DependencyGroup"/>
  <testcase name="testSalutationMessage" time="0.000" classname="dependencyGroup.DependencyGroup"/>
  <testcase name="testPrintMessage" time="0.000" classname="dependencyGroup.DependencyGroup"/>
</testsuite> <!-- dependencyGroup.DependencyGroup -->
