<?xml version="1.0" encoding="UTF-8"?>
<!-- Generated by org.testng.reporters.JUnitReportReporter -->
<testsuite hostname="Htan" name="module1.ModuleTest1" tests="1" failures="0" timestamp="15 May 2015 15:43:09 GMT" time="0.028" errors="0">
  <testcase name="test1" time="0.028" classname="module1.ModuleTest1"/>
</testsuite> <!-- module1.ModuleTest1 -->
