<?xml version="1.0" encoding="UTF-8"?>
<!-- Generated by org.testng.reporters.JUnitReportReporter -->
<testsuite hostname="Htan" name="TestNg_dependsonmethod.TestNGSimpleTest" tests="1" failures="0" timestamp="18 May 2015 02:03:56 GMT" time="0.032" errors="0">
  <testcase name="testAdd" time="0.032" classname="TestNg_dependsonmethod.TestNGSimpleTest"/>
</testsuite> <!-- TestNg_dependsonmethod.TestNGSimpleTest -->
