<?xml version="1.0" encoding="UTF-8"?>
<!-- Generated by org.testng.reporters.JUnitReportReporter -->
<testsuite hostname="Htan" name="writingTests.TestEmployeeDetails" tests="2" failures="0" timestamp="18 May 2015 02:10:59 GMT" time="0.031" errors="0">
  <testcase name="testCalculateAppriasal" time="0.031" classname="writingTests.TestEmployeeDetails"/>
  <testcase name="testCalculateYearlySalary" time="0.000" classname="writingTests.TestEmployeeDetails"/>
</testsuite> <!-- writingTests.TestEmployeeDetails -->
