<?xml version="1.0" encoding="UTF-8"?>
<!-- Generated by org.testng.reporters.JUnitReportReporter -->
<testsuite hostname="Htan" name="dependencyMethod.DependencyTestNg1" tests="3" failures="0" timestamp="18 May 2015 00:31:33 GMT" time="0.031" errors="0">
  <testcase name="initEnvironmentTest" time="0.031" classname="dependencyMethod.DependencyTestNg1"/>
  <testcase name="testSalutationMessage" time="0.000" classname="dependencyMethod.DependencyTestNg1"/>
  <testcase name="testPrintMessage" time="0.000" classname="dependencyMethod.DependencyTestNg1"/>
</testsuite> <!-- dependencyMethod.DependencyTestNg1 -->
