<?xml version="1.0" encoding="UTF-8"?>
<!-- Generated by org.testng.reporters.JUnitReportReporter -->
<testsuite hostname="Htan" name="suiteTest.Test1" tests="1" failures="0" timestamp="18 May 2015 01:54:21 GMT" time="0.031" errors="0">
  <testcase name="testPrintMessage" time="0.031" classname="suiteTest.Test1"/>
</testsuite> <!-- suiteTest.Test1 -->
