<?xml version="1.0" encoding="UTF-8"?>
<!-- Generated by org.testng.reporters.JUnitReportReporter -->
<testsuite hostname="Htan" name="automationFrameworkExecute.TestCase_PageObjectModel" tests="1" failures="0" timestamp="5 Aug 2015 03:23:57 GMT" time="29.891" errors="0">
  <testcase name="googlePageTest" time="29.891" classname="automationFrameworkExecute.TestCase_PageObjectModel"/>
</testsuite> <!-- automationFrameworkExecute.TestCase_PageObjectModel -->
