<?xml version="1.0" encoding="UTF-8"?>
<!-- Generated by org.testng.reporters.JUnitReportReporter -->
<testsuite hostname="Htan" name="org.pom.tests.SignInPageTest" tests="1" failures="0" timestamp="19 Apr 2015 16:49:16 GMT" time="11.998" errors="0">
  <testcase name="verifySignInFunction" time="11.998" classname="org.pom.tests.SignInPageTest"/>
</testsuite> <!-- org.pom.tests.SignInPageTest -->
