<?xml version="1.0" encoding="UTF-8"?>
<!-- Generated by org.testng.reporters.JUnitReportReporter -->
<testsuite hostname="Htan" name="org.pom.tests.CreateAnAccounTest" tests="1" failures="0" timestamp="19 Apr 2015 16:49:16 GMT" time="6.133" errors="0">
  <testcase name="verifyCreateAnAccounPage" time="6.133" classname="org.pom.tests.CreateAnAccounTest"/>
</testsuite> <!-- org.pom.tests.CreateAnAccounTest -->
