<?xml version="1.0" encoding="UTF-8"?>
<!-- Generated by org.testng.reporters.JUnitReportReporter -->
<testsuite hostname="Htan" name="org.pom.tests.BasePageTest" tests="1" failures="0" timestamp="19 Apr 2015 16:49:16 GMT" time="0.661" errors="0">
  <testcase name="verifyHomePage" time="0.661" classname="org.pom.tests.BasePageTest"/>
</testsuite> <!-- org.pom.tests.BasePageTest -->
