<?xml version="1.0" encoding="UTF-8"?>
<!-- Generated by org.testng.reporters.JUnitReportReporter -->
<testsuite hostname="Htan" name="org.dataProvider.Sample_Login" tests="1" failures="1" timestamp="17 May 2015 22:34:36 GMT" time="0.000" errors="0">
  <testcase name="LogIn_Test" time="0.000" classname="org.dataProvider.Sample_Login">
    <failure type="org.testng.TestNGException" message="
Method public void org.dataProvider.Sample_Login.LogIn_Test(java.lang.String,java.lang.String) requires a @DataProvider named : LoginCredentials20">
      <![CDATA[org.testng.TestNGException: 
Method public void org.dataProvider.Sample_Login.LogIn_Test(java.lang.String,java.lang.String) requires a @DataProvider named : LoginCredentials20
	at org.testng.internal.Parameters.findDataProvider(Parameters.java:268)
	at org.testng.internal.Parameters.handleParameters(Parameters.java:417)
	at org.testng.internal.Invoker.handleParameters(Invoker.java:1383)
	at org.testng.internal.Invoker.createParameters(Invoker.java:1075)
	at org.testng.internal.Invoker.invokeTestMethods(Invoker.java:1180)
	at org.testng.internal.TestMethodWorker.invokeTestMethods(TestMethodWorker.java:127)
	at org.testng.internal.TestMethodWorker.run(TestMethodWorker.java:111)
	at org.testng.TestRunner.privateRun(TestRunner.java:767)
	at org.testng.TestRunner.run(TestRunner.java:617)
	at org.testng.SuiteRunner.runTest(SuiteRunner.java:334)
	at org.testng.SuiteRunner.runSequentially(SuiteRunner.java:329)
	at org.testng.SuiteRunner.privateRun(SuiteRunner.java:291)
	at org.testng.SuiteRunner.run(SuiteRunner.java:240)
	at org.testng.SuiteRunnerWorker.runSuite(SuiteRunnerWorker.java:52)
	at org.testng.SuiteRunnerWorker.run(SuiteRunnerWorker.java:86)
	at org.testng.TestNG.runSuitesSequentially(TestNG.java:1224)
	at org.testng.TestNG.runSuitesLocally(TestNG.java:1149)
	at org.testng.TestNG.run(TestNG.java:1057)
	at org.testng.remote.RemoteTestNG.run(RemoteTestNG.java:111)
	at org.testng.remote.RemoteTestNG.initAndRun(RemoteTestNG.java:204)
	at org.testng.remote.RemoteTestNG.main(RemoteTestNG.java:175)
]]>
    </failure>
  </testcase> <!-- LogIn_Test -->
</testsuite> <!-- org.dataProvider.Sample_Login -->
