<?xml version="1.0" encoding="UTF-8"?>
<!-- Generated by org.testng.reporters.JUnitReportReporter -->
<testsuite hostname="Htan" name="reporter.ReporterDemo" tests="1" failures="0" timestamp="22 May 2015 15:55:09 GMT" time="65.889" errors="0">
  <testcase name="testReport" time="65.889" classname="reporter.ReporterDemo"/>
</testsuite> <!-- reporter.ReporterDemo -->
