<?xml version="1.0" encoding="UTF-8"?>
<!-- Generated by org.testng.reporters.JUnitReportReporter -->
<testsuite hostname="Htan" name="miscSeleniumFeatures.GetAttributes" tests="5" failures="0" timestamp="29 Mar 2015 22:21:21 GMT" time="1.603" errors="0">
  <testcase name="getAttribute_InvalidAttribute" time="0.281" classname="miscSeleniumFeatures.GetAttributes"/>
  <testcase name="getAttribute_ButtonLabel" time="0.508" classname="miscSeleniumFeatures.GetAttributes"/>
  <testcase name="getAttribute_Id" time="0.281" classname="miscSeleniumFeatures.GetAttributes"/>
  <testcase name="getAttribute_ButtonName" time="0.268" classname="miscSeleniumFeatures.GetAttributes"/>
  <testcase name="getAttribute_class" time="0.265" classname="miscSeleniumFeatures.GetAttributes"/>
</testsuite> <!-- miscSeleniumFeatures.GetAttributes -->
