<?xml version="1.0" encoding="UTF-8"?>
<!-- Generated by org.testng.reporters.JUnitReportReporter -->
<testsuite hostname="Htan" name="miscSeleniumFeatures.selectExamples" tests="1" failures="0" timestamp="26 Mar 2015 17:27:04 GMT" time="16.286" errors="0">
  <testcase name="selectSamples" time="16.286" classname="miscSeleniumFeatures.selectExamples"/>
</testsuite> <!-- miscSeleniumFeatures.selectExamples -->
