<?xml version="1.0" encoding="UTF-8"?>
<!-- Generated by org.testng.reporters.JUnitReportReporter -->
<testsuite hostname="Htan" name="cookie.Cookies" tests="1" failures="0" timestamp="26 Mar 2015 16:59:39 GMT" time="35.622" errors="0">
  <testcase name="addCookie" time="35.622" classname="cookie.Cookies"/>
</testsuite> <!-- cookie.Cookies -->
