<?xml version="1.0" encoding="UTF-8"?>
<!-- Generated by org.testng.reporters.JUnitReportReporter -->
<testsuite hostname="Htan" name="org.seleniumFeatures.AlertExample" tests="1" failures="0" timestamp="1 Apr 2015 03:19:55 GMT" time="4.840" errors="0">
  <testcase name="AlertExample" time="4.840" classname="org.seleniumFeatures.AlertExample"/>
</testsuite> <!-- org.seleniumFeatures.AlertExample -->
