<?xml version="1.0" encoding="UTF-8"?>
<!-- Generated by org.testng.reporters.JUnitReportReporter -->
<testsuite hostname="Htan" name="org.groupTest.GroupTest" tests="1" failures="0" timestamp="3 Apr 2015 19:01:31 GMT" time="16.354" errors="0">
  <testcase name="BinarySearch" time="16.354" classname="org.groupTest.GroupTest"/>
</testsuite> <!-- org.groupTest.GroupTest -->
