<?xml version="1.0" encoding="UTF-8"?>
<!-- Generated by org.testng.reporters.JUnitReportReporter -->
<testsuite hostname="Htan" name="org.seleniumFeatures.custom_profile" tests="1" failures="0" timestamp="31 Mar 2015 19:30:33 GMT" time="11.115" errors="0">
  <testcase name="OpenURL" time="11.115" classname="org.seleniumFeatures.custom_profile"/>
</testsuite> <!-- org.seleniumFeatures.custom_profile -->
