<?xml version="1.0" encoding="UTF-8"?>
<!-- Generated by org.testng.reporters.JUnitReportReporter -->
<testsuite hostname="Htan" name="miscSeleniumFeatures.ResizeWindow" tests="1" failures="0" timestamp="26 Mar 2015 17:06:04 GMT" time="16.625" errors="0">
  <testcase name="openBrowserwithGivenDimension" time="16.625" classname="miscSeleniumFeatures.ResizeWindow"/>
</testsuite> <!-- miscSeleniumFeatures.ResizeWindow -->
