<?xml version="1.0" encoding="UTF-8"?>
<!-- Generated by org.testng.reporters.JUnitReportReporter -->
<testsuite hostname="Htan" name="org.autoComplete.AutoCompleteExample" tests="1" failures="0" timestamp="29 Mar 2015 22:07:36 GMT" time="7.725" errors="0">
  <testcase name="rightClickTest" time="7.725" classname="org.autoComplete.AutoCompleteExample"/>
</testsuite> <!-- org.autoComplete.AutoCompleteExample -->
