<?xml version="1.0" encoding="UTF-8"?>
<!-- Generated by org.testng.reporters.JUnitReportReporter -->
<testsuite hostname="Htan" name="miscSeleniumFeatures.propertyFile" tests="1" failures="0" timestamp="27 Feb 2015 00:25:32 GMT" time="0.046" errors="0">
  <testcase name="CreateProperties" time="0.046" classname="miscSeleniumFeatures.propertyFile"/>
</testsuite> <!-- miscSeleniumFeatures.propertyFile -->
