<?xml version="1.0" encoding="UTF-8"?>
<!-- Generated by org.testng.reporters.JUnitReportReporter -->
<testsuite hostname="Htan" name="org.salesforceTestScript.SalesforceTestScript" tests="1" failures="0" timestamp="1 Apr 2015 17:04:56 GMT" time="34.670" errors="0">
  <testcase name="loginToSFDC" time="34.670" classname="org.salesforceTestScript.SalesforceTestScript"/>
</testsuite> <!-- org.salesforceTestScript.SalesforceTestScript -->
