<?xml version="1.0" encoding="UTF-8"?>
<!-- Generated by org.testng.reporters.JUnitReportReporter -->
<testsuite hostname="Htan" name="miscSeleniumFeatures.custom_profile" tests="1" failures="1" timestamp="2 Mar 2015 20:45:15 GMT" time="0.000" errors="0">
  <testcase name="OpenURL" time="0.000" classname="miscSeleniumFeatures.custom_profile">
    <failure type="org.openqa.selenium.WebDriverException" message="Failed to connect to binary FirefoxBinary(C:\Program Files (x86)\Mozilla Firefox\firefox.exe) on port 7055; process output follows: 
er	DEBUG	Calling shutdown blocker for XPIProvider
1425329066729	addons.xpi	DEBUG	shutdown
1425329066729	addons.xpi-utils	DEBUG	shutdown
1425329066730	addons.manager	DEBUG	Calling shutdown blocker for LightweightThemeManager
1425329066731	addons.manager	DEBUG	Calling shutdown blocker for OpenH264Provider
1425329066734	addons.manager	DEBUG	Calling shutdown blocker for PluginProvider
1425329067253	DeferredSave.extensions.json	DEBUG	Write succeeded
1425329067254	addons.xpi-utils	DEBUG	XPI Database saved, setting schema version preference to 16
1425329067255	addons.xpi	DEBUG	Notifying XPI shutdown observers
1425329067264	addons.manager	DEBUG	Async provider shutdown done
1425329068955	addons.manager	DEBUG	Loaded provider scope for resource://gre/modules/addons/XPIProvider.jsm: [&quot;XPIProvider&quot;]
1425329068958	addons.manager	DEBUG	Loaded provider scope for resource://gre/modules/LightweightThemeManager.jsm: [&quot;LightweightThemeManager&quot;]
1425329068965	addons.xpi	DEBUG	startup
1425329068967	addons.xpi	INFO	Mapping fxdriver@googlecode.com to C:\Users\htan\AppData\Local\Temp\anonymous3575953820327412065webdriver-profile\extensions\fxdriver@googlecode.com
1425329068968	addons.xpi	DEBUG	Ignoring file entry whose name is not a valid add-on ID: C:\Users\htan\AppData\Local\Temp\anonymous3575953820327412065webdriver-profile\extensions\webdriver-staging
1425329068970	addons.xpi	INFO	Mapping {972ce4c6-7e08-4474-a285-3208198ce6fd} to C:\Program Files (x86)\Mozilla Firefox\browser\extensions\{972ce4c6-7e08-4474-a285-3208198ce6fd}
1425329068971	addons.xpi	DEBUG	Skipping unavailable install location app-system-share
1425329068972	addons.xpi	DEBUG	Skipping unavailable install location app-system-local
1425329068973	addons.xpi	DEBUG	checkForChanges
1425329068974	addons.xpi	DEBUG	Loaded add-on state from prefs: {&quot;app-profile&quot;:{&quot;fxdriver@googlecode.com&quot;:{&quot;d&quot;:&quot;C:\\Users\\htan\\AppData\\Local\\Temp\\anonymous3575953820327412065webdriver-profile\\extensions\\fxdriver@googlecode.com&quot;,&quot;e&quot;:false,&quot;v&quot;:&quot;2.41.0&quot;,&quot;st&quot;:1425329063420,&quot;mt&quot;:1425329063020}},&quot;app-global&quot;:{&quot;{972ce4c6-7e08-4474-a285-3208198ce6fd}&quot;:{&quot;d&quot;:&quot;C:\\Program Files (x86)\\Mozilla Firefox\\browser\\extensions\\{972ce4c6-7e08-4474-a285-3208198ce6fd}&quot;,&quot;e&quot;:true,&quot;v&quot;:&quot;35.0.1&quot;,&quot;st&quot;:1424492792673,&quot;mt&quot;:1421999039000}}}
1425329068977	addons.xpi	DEBUG	getModTime: Recursive scan of {972ce4c6-7e08-4474-a285-3208198ce6fd}
1425329068979	addons.xpi	DEBUG	getInstallState changed: false, state: {&quot;app-profile&quot;:{&quot;fxdriver@googlecode.com&quot;:{&quot;d&quot;:&quot;C:\\Users\\htan\\AppData\\Local\\Temp\\anonymous3575953820327412065webdriver-profile\\extensions\\fxdriver@googlecode.com&quot;,&quot;e&quot;:false,&quot;v&quot;:&quot;2.41.0&quot;,&quot;st&quot;:1425329063420,&quot;mt&quot;:1425329063020}},&quot;app-global&quot;:{&quot;{972ce4c6-7e08-4474-a285-3208198ce6fd}&quot;:{&quot;d&quot;:&quot;C:\\Program Files (x86)\\Mozilla Firefox\\browser\\extensions\\{972ce4c6-7e08-4474-a285-3208198ce6fd}&quot;,&quot;e&quot;:true,&quot;v&quot;:&quot;35.0.1&quot;,&quot;st&quot;:1424492792673,&quot;mt&quot;:1421999039000}}}
1425329068983	addons.xpi	DEBUG	No changes found
1425329068990	addons.manager	DEBUG	Registering shutdown blocker for XPIProvider
1425329068991	addons.manager	DEBUG	Registering shutdown blocker for LightweightThemeManager
1425329068994	addons.manager	DEBUG	Registering shutdown blocker for OpenH264Provider
1425329068995	addons.manager	DEBUG	Registering shutdown blocker for PluginProvider
*** Blocklist::_preloadBlocklistFile: blocklist is disabled
1425329071560	addons.manager	DEBUG	Registering shutdown blocker for &lt;unnamed-provider&gt;
1425329088110	addons.manager	DEBUG	shutdown
1425329088111	addons.manager	DEBUG	Calling shutdown blocker for XPIProvider
1425329088111	addons.xpi	DEBUG	shutdown
1425329088112	addons.xpi	DEBUG	Notifying XPI shutdown observers
1425329088113	addons.manager	DEBUG	Calling shutdown blocker for LightweightThemeManager
1425329088114	addons.manager	DEBUG	Calling shutdown blocker for OpenH264Provider
1425329088116	addons.manager	DEBUG	Calling shutdown blocker for PluginProvider
1425329088116	addons.manager	DEBUG	Calling shutdown blocker for &lt;unnamed-provider&gt;
1425329088131	addons.manager	DEBUG	Async provider shutdown done

Build info: version: &#039;2.41.0&#039;, revision: &#039;3192d8a&#039;, time: &#039;2014-03-27 17:17:32&#039;
System info: host: &#039;Htan&#039;, ip: &#039;192.168.1.76&#039;, os.name: &#039;Windows 8.1&#039;, os.arch: &#039;amd64&#039;, os.version: &#039;6.3&#039;, java.version: &#039;1.8.0_31&#039;
Driver info: driver.version: FirefoxDriver">
      <![CDATA[org.openqa.selenium.WebDriverException: Failed to connect to binary FirefoxBinary(C:\Program Files (x86)\Mozilla Firefox\firefox.exe) on port 7055; process output follows: 
er	DEBUG	Calling shutdown blocker for XPIProvider
1425329066729	addons.xpi	DEBUG	shutdown
1425329066729	addons.xpi-utils	DEBUG	shutdown
1425329066730	addons.manager	DEBUG	Calling shutdown blocker for LightweightThemeManager
1425329066731	addons.manager	DEBUG	Calling shutdown blocker for OpenH264Provider
1425329066734	addons.manager	DEBUG	Calling shutdown blocker for PluginProvider
1425329067253	DeferredSave.extensions.json	DEBUG	Write succeeded
1425329067254	addons.xpi-utils	DEBUG	XPI Database saved, setting schema version preference to 16
1425329067255	addons.xpi	DEBUG	Notifying XPI shutdown observers
1425329067264	addons.manager	DEBUG	Async provider shutdown done
1425329068955	addons.manager	DEBUG	Loaded provider scope for resource://gre/modules/addons/XPIProvider.jsm: ["XPIProvider"]
1425329068958	addons.manager	DEBUG	Loaded provider scope for resource://gre/modules/LightweightThemeManager.jsm: ["LightweightThemeManager"]
1425329068965	addons.xpi	DEBUG	startup
1425329068967	addons.xpi	INFO	Mapping fxdriver@googlecode.com to C:\Users\htan\AppData\Local\Temp\anonymous3575953820327412065webdriver-profile\extensions\fxdriver@googlecode.com
1425329068968	addons.xpi	DEBUG	Ignoring file entry whose name is not a valid add-on ID: C:\Users\htan\AppData\Local\Temp\anonymous3575953820327412065webdriver-profile\extensions\webdriver-staging
1425329068970	addons.xpi	INFO	Mapping {972ce4c6-7e08-4474-a285-3208198ce6fd} to C:\Program Files (x86)\Mozilla Firefox\browser\extensions\{972ce4c6-7e08-4474-a285-3208198ce6fd}
1425329068971	addons.xpi	DEBUG	Skipping unavailable install location app-system-share
1425329068972	addons.xpi	DEBUG	Skipping unavailable install location app-system-local
1425329068973	addons.xpi	DEBUG	checkForChanges
1425329068974	addons.xpi	DEBUG	Loaded add-on state from prefs: {"app-profile":{"fxdriver@googlecode.com":{"d":"C:\\Users\\htan\\AppData\\Local\\Temp\\anonymous3575953820327412065webdriver-profile\\extensions\\fxdriver@googlecode.com","e":false,"v":"2.41.0","st":1425329063420,"mt":1425329063020}},"app-global":{"{972ce4c6-7e08-4474-a285-3208198ce6fd}":{"d":"C:\\Program Files (x86)\\Mozilla Firefox\\browser\\extensions\\{972ce4c6-7e08-4474-a285-3208198ce6fd}","e":true,"v":"35.0.1","st":1424492792673,"mt":1421999039000}}}
1425329068977	addons.xpi	DEBUG	getModTime: Recursive scan of {972ce4c6-7e08-4474-a285-3208198ce6fd}
1425329068979	addons.xpi	DEBUG	getInstallState changed: false, state: {"app-profile":{"fxdriver@googlecode.com":{"d":"C:\\Users\\htan\\AppData\\Local\\Temp\\anonymous3575953820327412065webdriver-profile\\extensions\\fxdriver@googlecode.com","e":false,"v":"2.41.0","st":1425329063420,"mt":1425329063020}},"app-global":{"{972ce4c6-7e08-4474-a285-3208198ce6fd}":{"d":"C:\\Program Files (x86)\\Mozilla Firefox\\browser\\extensions\\{972ce4c6-7e08-4474-a285-3208198ce6fd}","e":true,"v":"35.0.1","st":1424492792673,"mt":1421999039000}}}
1425329068983	addons.xpi	DEBUG	No changes found
1425329068990	addons.manager	DEBUG	Registering shutdown blocker for XPIProvider
1425329068991	addons.manager	DEBUG	Registering shutdown blocker for LightweightThemeManager
1425329068994	addons.manager	DEBUG	Registering shutdown blocker for OpenH264Provider
1425329068995	addons.manager	DEBUG	Registering shutdown blocker for PluginProvider
*** Blocklist::_preloadBlocklistFile: blocklist is disabled
1425329071560	addons.manager	DEBUG	Registering shutdown blocker for <unnamed-provider>
1425329088110	addons.manager	DEBUG	shutdown
1425329088111	addons.manager	DEBUG	Calling shutdown blocker for XPIProvider
1425329088111	addons.xpi	DEBUG	shutdown
1425329088112	addons.xpi	DEBUG	Notifying XPI shutdown observers
1425329088113	addons.manager	DEBUG	Calling shutdown blocker for LightweightThemeManager
1425329088114	addons.manager	DEBUG	Calling shutdown blocker for OpenH264Provider
1425329088116	addons.manager	DEBUG	Calling shutdown blocker for PluginProvider
1425329088116	addons.manager	DEBUG	Calling shutdown blocker for <unnamed-provider>
1425329088131	addons.manager	DEBUG	Async provider shutdown done

Build info: version: '2.41.0', revision: '3192d8a', time: '2014-03-27 17:17:32'
System info: host: 'Htan', ip: '192.168.1.76', os.name: 'Windows 8.1', os.arch: 'amd64', os.version: '6.3', java.version: '1.8.0_31'
Driver info: driver.version: FirefoxDriver
	at org.openqa.selenium.firefox.internal.NewProfileExtensionConnection.start(NewProfileExtensionConnection.java:130)
	at org.openqa.selenium.firefox.FirefoxDriver.startClient(FirefoxDriver.java:246)
	at org.openqa.selenium.remote.RemoteWebDriver.<init>(RemoteWebDriver.java:114)
	at org.openqa.selenium.firefox.FirefoxDriver.<init>(FirefoxDriver.java:193)
	at org.openqa.selenium.firefox.FirefoxDriver.<init>(FirefoxDriver.java:186)
	at org.openqa.selenium.firefox.FirefoxDriver.<init>(FirefoxDriver.java:182)
	at org.openqa.selenium.firefox.FirefoxDriver.<init>(FirefoxDriver.java:99)
	at miscSeleniumFeatures.custom_profile.StartBrowser(custom_profile.java:21)
	at sun.reflect.NativeMethodAccessorImpl.invoke0(Native Method)
	at sun.reflect.NativeMethodAccessorImpl.invoke(Unknown Source)
	at sun.reflect.DelegatingMethodAccessorImpl.invoke(Unknown Source)
	at java.lang.reflect.Method.invoke(Unknown Source)
	at org.testng.internal.MethodInvocationHelper.invokeMethod(MethodInvocationHelper.java:84)
	at org.testng.internal.Invoker.invokeConfigurationMethod(Invoker.java:564)
	at org.testng.internal.Invoker.invokeConfigurations(Invoker.java:213)
	at org.testng.internal.Invoker.invokeConfigurations(Invoker.java:138)
	at org.testng.TestRunner.beforeRun(TestRunner.java:641)
	at org.testng.TestRunner.run(TestRunner.java:609)
	at org.testng.SuiteRunner.runTest(SuiteRunner.java:334)
	at org.testng.SuiteRunner.runSequentially(SuiteRunner.java:329)
	at org.testng.SuiteRunner.privateRun(SuiteRunner.java:291)
	at org.testng.SuiteRunner.run(SuiteRunner.java:240)
	at org.testng.SuiteRunnerWorker.runSuite(SuiteRunnerWorker.java:52)
	at org.testng.SuiteRunnerWorker.run(SuiteRunnerWorker.java:86)
	at org.testng.TestNG.runSuitesSequentially(TestNG.java:1224)
	at org.testng.TestNG.runSuitesLocally(TestNG.java:1149)
	at org.testng.TestNG.run(TestNG.java:1057)
	at org.testng.remote.RemoteTestNG.run(RemoteTestNG.java:111)
	at org.testng.remote.RemoteTestNG.initAndRun(RemoteTestNG.java:204)
	at org.testng.remote.RemoteTestNG.main(RemoteTestNG.java:175)
Caused by: org.openqa.selenium.firefox.NotConnectedException: Unable to connect to host 127.0.0.1 on port 7055 after 45000 ms. Firefox console output:
er	DEBUG	Calling shutdown blocker for XPIProvider
1425329066729	addons.xpi	DEBUG	shutdown
1425329066729	addons.xpi-utils	DEBUG	shutdown
1425329066730	addons.manager	DEBUG	Calling shutdown blocker for LightweightThemeManager
1425329066731	addons.manager	DEBUG	Calling shutdown blocker for OpenH264Provider
1425329066734	addons.manager	DEBUG	Calling shutdown blocker for PluginProvider
1425329067253	DeferredSave.extensions.json	DEBUG	Write succeeded
1425329067254	addons.xpi-utils	DEBUG	XPI Database saved, setting schema version preference to 16
1425329067255	addons.xpi	DEBUG	Notifying XPI shutdown observers
1425329067264	addons.manager	DEBUG	Async provider shutdown done
1425329068955	addons.manager	DEBUG	Loaded provider scope for resource://gre/modules/addons/XPIProvider.jsm: ["XPIProvider"]
1425329068958	addons.manager	DEBUG	Loaded provider scope for resource://gre/modules/LightweightThemeManager.jsm: ["LightweightThemeManager"]
1425329068965	addons.xpi	DEBUG	startup
1425329068967	addons.xpi	INFO	Mapping fxdriver@googlecode.com to C:\Users\htan\AppData\Local\Temp\anonymous3575953820327412065webdriver-profile\extensions\fxdriver@googlecode.com
1425329068968	addons.xpi	DEBUG	Ignoring file entry whose name is not a valid add-on ID: C:\Users\htan\AppData\Local\Temp\anonymous3575953820327412065webdriver-profile\extensions\webdriver-staging
1425329068970	addons.xpi	INFO	Mapping {972ce4c6-7e08-4474-a285-3208198ce6fd} to C:\Program Files (x86)\Mozilla Firefox\browser\extensions\{972ce4c6-7e08-4474-a285-3208198ce6fd}
1425329068971	addons.xpi	DEBUG	Skipping unavailable install location app-system-share
1425329068972	addons.xpi	DEBUG	Skipping unavailable install location app-system-local
1425329068973	addons.xpi	DEBUG	checkForChanges
1425329068974	addons.xpi	DEBUG	Loaded add-on state from prefs: {"app-profile":{"fxdriver@googlecode.com":{"d":"C:\\Users\\htan\\AppData\\Local\\Temp\\anonymous3575953820327412065webdriver-profile\\extensions\\fxdriver@googlecode.com","e":false,"v":"2.41.0","st":1425329063420,"mt":1425329063020}},"app-global":{"{972ce4c6-7e08-4474-a285-3208198ce6fd}":{"d":"C:\\Program Files (x86)\\Mozilla Firefox\\browser\\extensions\\{972ce4c6-7e08-4474-a285-3208198ce6fd}","e":true,"v":"35.0.1","st":1424492792673,"mt":1421999039000}}}
1425329068977	addons.xpi	DEBUG	getModTime: Recursive scan of {972ce4c6-7e08-4474-a285-3208198ce6fd}
1425329068979	addons.xpi	DEBUG	getInstallState changed: false, state: {"app-profile":{"fxdriver@googlecode.com":{"d":"C:\\Users\\htan\\AppData\\Local\\Temp\\anonymous3575953820327412065webdriver-profile\\extensions\\fxdriver@googlecode.com","e":false,"v":"2.41.0","st":1425329063420,"mt":1425329063020}},"app-global":{"{972ce4c6-7e08-4474-a285-3208198ce6fd}":{"d":"C:\\Program Files (x86)\\Mozilla Firefox\\browser\\extensions\\{972ce4c6-7e08-4474-a285-3208198ce6fd}","e":true,"v":"35.0.1","st":1424492792673,"mt":1421999039000}}}
1425329068983	addons.xpi	DEBUG	No changes found
1425329068990	addons.manager	DEBUG	Registering shutdown blocker for XPIProvider
1425329068991	addons.manager	DEBUG	Registering shutdown blocker for LightweightThemeManager
1425329068994	addons.manager	DEBUG	Registering shutdown blocker for OpenH264Provider
1425329068995	addons.manager	DEBUG	Registering shutdown blocker for PluginProvider
*** Blocklist::_preloadBlocklistFile: blocklist is disabled
1425329071560	addons.manager	DEBUG	Registering shutdown blocker for <unnamed-provider>
1425329088110	addons.manager	DEBUG	shutdown
1425329088111	addons.manager	DEBUG	Calling shutdown blocker for XPIProvider
1425329088111	addons.xpi	DEBUG	shutdown
1425329088112	addons.xpi	DEBUG	Notifying XPI shutdown observers
1425329088113	addons.manager	DEBUG	Calling shutdown blocker for LightweightThemeManager
1425329088114	addons.manager	DEBUG	Calling shutdown blocker for OpenH264Provider
1425329088116	addons.manager	DEBUG	Calling shutdown blocker for PluginProvider
1425329088116	addons.manager	DEBUG	Calling shutdown blocker for <unnamed-provider>
1425329088131	addons.manager	DEBUG	Async provider shutdown done

	at org.openqa.selenium.firefox.internal.NewProfileExtensionConnection.start(NewProfileExtensionConnection.java:118)
	... 29 more
]]>
    </failure>
  </testcase> <!-- OpenURL -->
</testsuite> <!-- miscSeleniumFeatures.custom_profile -->
