<?xml version="1.0" encoding="UTF-8"?>
<!-- Generated by org.testng.reporters.JUnitReportReporter -->
<testsuite hostname="Htan" name="miscSeleniumFeatures.FireFoxProfileExample" tests="1" failures="0" timestamp="26 Mar 2015 13:40:02 GMT" time="21.733" errors="0">
  <testcase name="testExamples" time="21.733" classname="miscSeleniumFeatures.FireFoxProfileExample"/>
</testsuite> <!-- miscSeleniumFeatures.FireFoxProfileExample -->
