<?xml version="1.0" encoding="UTF-8"?>
<!-- Generated by org.testng.reporters.JUnitReportReporter -->
<testsuite hostname="Htan" name="module5.ModuleTest5" tests="1" failures="0" timestamp="17 May 2015 23:02:33 GMT" time="0.000" errors="0">
  <testcase name="test5" time="0.000" classname="module5.ModuleTest5"/>
</testsuite> <!-- module5.ModuleTest5 -->
