<?xml version="1.0" encoding="UTF-8"?>
<!-- Generated by org.testng.reporters.JUnitReportReporter -->
<testsuite hostname="Htan" name="module1.ModuleTest1" tests="1" failures="0" timestamp="17 May 2015 23:02:33 GMT" time="0.031" errors="0">
  <testcase name="test1" time="0.031" classname="module1.ModuleTest1"/>
</testsuite> <!-- module1.ModuleTest1 -->
