<?xml version="1.0" encoding="UTF-8"?>
<!-- Generated by org.testng.reporters.JUnitReportReporter -->
<testsuite hostname="Htan" name="searial_ParallelTest.Tests" tests="6" failures="0" timestamp="7 Aug 2015 00:33:03 GMT" time="98.478" errors="0">
  <testcase name="search_TestCase" time="4.164" classname="searial_ParallelTest.Tests"/>
  <testcase name="search_TestCase" time="0.831" classname="searial_ParallelTest.Tests"/>
  <testcase name="login_TestCase" time="64.966" classname="searial_ParallelTest.Tests"/>
  <testcase name="login_TestCase" time="2.778" classname="searial_ParallelTest.Tests"/>
  <testcase name="search_TestCase" time="2.356" classname="searial_ParallelTest.Tests"/>
  <testcase name="login_TestCase" time="23.383" classname="searial_ParallelTest.Tests"/>
</testsuite> <!-- searial_ParallelTest.Tests -->
