<?xml version="1.0" encoding="UTF-8"?>
<!-- Generated by org.testng.reporters.JUnitReportReporter -->
<testsuite hostname="Htan" name="actions.MouseHover_WindowSize.MouseHoverSwitchMenu" tests="1" failures="0" timestamp="6 Aug 2015 22:56:16 GMT" time="54.382" errors="0">
  <testcase name="menuMouseHover" time="54.382" classname="actions.MouseHover_WindowSize.MouseHoverSwitchMenu"/>
</testsuite> <!-- actions.MouseHover_WindowSize.MouseHoverSwitchMenu -->
