<?xml version="1.0" encoding="UTF-8"?>
<!-- Generated by org.testng.reporters.JUnitReportReporter -->
<testsuite hostname="Htan" name="actions.MouseHover.MouseHoverMenu" tests="1" failures="0" timestamp="6 Aug 2015 20:55:21 GMT" time="9.574" errors="0">
  <testcase name="menuMouseHover" time="9.574" classname="actions.MouseHover.MouseHoverMenu"/>
</testsuite> <!-- actions.MouseHover.MouseHoverMenu -->
