<?xml version="1.0" encoding="UTF-8"?>
<!-- Generated by org.testng.reporters.JUnitReportReporter -->
<testsuite hostname="Htan" name="javaScript.alert.PopupAlertConfirmBox" tests="1" failures="0" timestamp="6 Aug 2015 16:04:02 GMT" time="3.291" errors="0">
  <testcase name="handlingConfirmBox" time="3.291" classname="javaScript.alert.PopupAlertConfirmBox"/>
</testsuite> <!-- javaScript.alert.PopupAlertConfirmBox -->
