<?xml version="1.0" encoding="UTF-8"?>
<!-- Generated by org.testng.reporters.JUnitReportReporter -->
<testsuite hostname="Htan" name="searial_ParallelTest.Tests" tests="6" failures="0" timestamp="7 Aug 2015 00:23:34 GMT" time="52.082" errors="0">
  <testcase name="login_TestCase" time="8.207" classname="searial_ParallelTest.Tests"/>
  <testcase name="search_TestCase" time="2.229" classname="searial_ParallelTest.Tests"/>
  <testcase name="login_TestCase" time="7.802" classname="searial_ParallelTest.Tests"/>
  <testcase name="search_TestCase" time="1.566" classname="searial_ParallelTest.Tests"/>
  <testcase name="search_TestCase" time="0.885" classname="searial_ParallelTest.Tests"/>
  <testcase name="login_TestCase" time="31.393" classname="searial_ParallelTest.Tests"/>
</testsuite> <!-- searial_ParallelTest.Tests -->
