<?xml version="1.0" encoding="UTF-8"?>
<!-- Generated by org.testng.reporters.JUnitReportReporter -->
<testsuite hostname="Htan" name="webElement.ResizeElement" tests="1" failures="0" timestamp="7 Aug 2015 13:11:14 GMT" time="18.712" errors="0">
  <testcase name="testToResizeElement" time="18.712" classname="webElement.ResizeElement"/>
</testsuite> <!-- webElement.ResizeElement -->
