<?xml version="1.0" encoding="UTF-8"?>
<!-- Generated by org.testng.reporters.JUnitReportReporter -->
<testsuite hostname="Htan" name="datePicker_Jquery.DatePicker" tests="1" failures="0" timestamp="7 Aug 2015 12:51:48 GMT" time="11.605" errors="0">
  <testcase name="jQueryCalendarMultipleMonths" time="11.605" classname="datePicker_Jquery.DatePicker"/>
</testsuite> <!-- datePicker_Jquery.DatePicker -->
