<?xml version="1.0" encoding="UTF-8"?>
<!-- Generated by org.testng.reporters.JUnitReportReporter -->
<testsuite hostname="Htan" name="actions.MouseHover.MouseHoverSwitchMenu" tests="1" failures="0" timestamp="6 Aug 2015 20:59:46 GMT" time="9.726" errors="0">
  <testcase name="menuMouseHover" time="9.726" classname="actions.MouseHover.MouseHoverSwitchMenu"/>
</testsuite> <!-- actions.MouseHover.MouseHoverSwitchMenu -->
