<?xml version="1.0" encoding="UTF-8"?>
<!-- Generated by org.testng.reporters.JUnitReportReporter -->
<testsuite hostname="Htan" name="window.MultipleWindows" tests="1" failures="0" timestamp="6 Aug 2015 15:14:50 GMT" time="58.424" errors="0">
  <testcase name="test_CloseAllWindowsExceptMainWindow" time="58.424" classname="window.MultipleWindows"/>
</testsuite> <!-- window.MultipleWindows -->
