<?xml version="1.0" encoding="UTF-8"?>
<!-- Generated by org.testng.reporters.JUnitReportReporter -->
<testsuite hostname="Htan" name="actions.MouseHover_SetWindowSize_UploadFile.CssValues" tests="3" failures="0" timestamp="7 Aug 2015 13:04:55 GMT" time="3.000" errors="0">
  <testcase name="getCssValue_ButtonFontWeight" time="0.076" classname="actions.MouseHover_SetWindowSize_UploadFile.CssValues"/>
  <testcase name="getCssValue_ButtonFontSize" time="0.062" classname="actions.MouseHover_SetWindowSize_UploadFile.CssValues"/>
  <testcase name="getCssValue_ButtonColor" time="2.862" classname="actions.MouseHover_SetWindowSize_UploadFile.CssValues"/>
</testsuite> <!-- actions.MouseHover_SetWindowSize_UploadFile.CssValues -->
