<?xml version="1.0" encoding="UTF-8"?>
<!-- Generated by org.testng.reporters.JUnitReportReporter -->
<testsuite hostname="Htan" name="groupTest_.GroupTestExample" tests="3" failures="0" timestamp="18 May 2015 00:54:03 GMT" time="0.031" errors="0">
  <testcase name="testPrintMessage" time="0.031" classname="groupTest_.GroupTestExample"/>
  <testcase name="testingExitMessage" time="0.000" classname="groupTest_.GroupTestExample"/>
  <testcase name="testSalutationMessage" time="0.000" classname="groupTest_.GroupTestExample"/>
</testsuite> <!-- groupTest_.GroupTestExample -->
