<?xml version="1.0" encoding="UTF-8"?>
<!-- Generated by org.testng.reporters.JUnitReportReporter -->
<testsuite hostname="Htan" name="jenkinsSelenium.SeleniumJenkins" tests="1" failures="0" timestamp="5 Aug 2015 19:08:35 GMT" time="0.034" errors="0">
  <testcase name="startTestInJenkins" time="0.034" classname="jenkinsSelenium.SeleniumJenkins"/>
</testsuite> <!-- jenkinsSelenium.SeleniumJenkins -->
